# JRE version: OpenJDK Runtime Environment Homebrew (11.0.25) (build 11.0.25+0)
# Java VM: OpenJDK 64-Bit Server VM Homebrew (11.0.25+0, mixed mode, tiered, compressed oops, g1 gc, bsd-aarch64)
Heap:
 garbage-first heap   total 131072K, used 54125K [0x0000000780000000, 0x00000007c0000000)
  region size 1024K, 14 young (14336K), 6 survivors (6144K)
 Metaspace       used 106505K, capacity 110654K, committed 110896K, reserved 1142784K
  class space    used 15205K, capacity 17424K, committed 17456K, reserved 1048576K
GC Heap History (20 events):
Event: 1.377 GC heap before
{Heap before GC invocations=5 (full 0):
 garbage-first heap   total 131072K, used 85366K [0x0000000780000000, 0x00000007c0000000)
  region size 1024K, 61 young (62464K), 3 survivors (3072K)
 Metaspace       used 30961K, capacity 31842K, committed 32000K, reserved 1077248K
  class space    used 4087K, capacity 4488K, committed 4608K, reserved 1048576K
}
Event: 1.380 GC heap after
{Heap after GC invocations=6 (full 0):
 garbage-first heap   total 131072K, used 27919K [0x0000000780000000, 0x00000007c0000000)
  region size 1024K, 5 young (5120K), 5 survivors (5120K)
 Metaspace       used 30961K, capacity 31842K, committed 32000K, reserved 1077248K
  class space    used 4087K, capacity 4488K, committed 4608K, reserved 1048576K
}
Event: 1.514 GC heap before
{Heap before GC invocations=6 (full 0):
 garbage-first heap   total 131072K, used 47375K [0x0000000780000000, 0x00000007c0000000)
  region size 1024K, 25 young (25600K), 5 survivors (5120K)
 Metaspace       used 34482K, capacity 35539K, committed 35584K, reserved 1079296K
  class space    used 4595K, capacity 5115K, committed 5120K, reserved 1048576K
}
Event: 1.517 GC heap after
{Heap after GC invocations=7 (full 0):
 garbage-first heap   total 131072K, used 28418K [0x0000000780000000, 0x00000007c0000000)
  region size 1024K, 5 young (5120K), 5 survivors (5120K)
 Metaspace       used 34482K, capacity 35539K, committed 35584K, reserved 1079296K
  class space    used 4595K, capacity 5115K, committed 5120K, reserved 1048576K
}
Event: 1.836 GC heap before
{Heap before GC invocations=8 (full 0):
 garbage-first heap   total 131072K, used 91906K [0x0000000780000000, 0x00000007c0000000)
  region size 1024K, 68 young (69632K), 5 survivors (5120K)
 Metaspace       used 44081K, capacity 45442K, committed 45552K, reserved 1087488K
  class space    used 5870K, capacity 6539K, committed 6640K, reserved 1048576K
}
Event: 1.840 GC heap after
{Heap after GC invocations=9 (full 0):
 garbage-first heap   total 131072K, used 31159K [0x0000000780000000, 0x00000007c0000000)
  region size 1024K, 6 young (6144K), 6 survivors (6144K)
 Metaspace       used 44081K, capacity 45442K, committed 45552K, reserved 1087488K
  class space    used 5870K, capacity 6539K, committed 6640K, reserved 1048576K
}
Event: 2.129 GC heap before
{Heap before GC invocations=9 (full 0):
 garbage-first heap   total 131072K, used 95671K [0x0000000780000000, 0x00000007c0000000)
  region size 1024K, 69 young (70656K), 6 survivors (6144K)
 Metaspace       used 52996K, capacity 54771K, committed 54896K, reserved 1095680K
  class space    used 7046K, capacity 7976K, committed 8048K, reserved 1048576K
}
Event: 2.133 GC heap after
{Heap after GC invocations=10 (full 0):
 garbage-first heap   total 131072K, used 33944K [0x0000000780000000, 0x00000007c0000000)
  region size 1024K, 7 young (7168K), 7 survivors (7168K)
 Metaspace       used 52996K, capacity 54771K, committed 54896K, reserved 1095680K
  class space    used 7046K, capacity 7976K, committed 8048K, reserved 1048576K
}
Event: 2.319 GC heap before
{Heap before GC invocations=10 (full 0):
 garbage-first heap   total 131072K, used 62616K [0x0000000780000000, 0x00000007c0000000)
  region size 1024K, 36 young (36864K), 7 survivors (7168K)
 Metaspace       used 57895K, capacity 59733K, committed 59888K, reserved 1099776K
  class space    used 7625K, capacity 8587K, committed 8688K, reserved 1048576K
}
Event: 2.323 GC heap after
{Heap after GC invocations=11 (full 0):
 garbage-first heap   total 131072K, used 35638K [0x0000000780000000, 0x00000007c0000000)
  region size 1024K, 5 young (5120K), 5 survivors (5120K)
 Metaspace       used 57895K, capacity 59733K, committed 59888K, reserved 1099776K
  class space    used 7625K, capacity 8587K, committed 8688K, reserved 1048576K
}
Event: 2.759 GC heap before
{Heap before GC invocations=12 (full 0):
 garbage-first heap   total 131072K, used 99126K [0x0000000780000000, 0x00000007c0000000)
  region size 1024K, 67 young (68608K), 5 survivors (5120K)
 Metaspace       used 69192K, capacity 71365K, committed 71664K, reserved 1110016K
  class space    used 9235K, capacity 10385K, committed 10480K, reserved 1048576K
}
Event: 2.762 GC heap after
{Heap after GC invocations=13 (full 0):
 garbage-first heap   total 131072K, used 38466K [0x0000000780000000, 0x00000007c0000000)
  region size 1024K, 8 young (8192K), 8 survivors (8192K)
 Metaspace       used 69192K, capacity 71365K, committed 71664K, reserved 1110016K
  class space    used 9235K, capacity 10385K, committed 10480K, reserved 1048576K
}
Event: 3.189 GC heap before
{Heap before GC invocations=13 (full 0):
 garbage-first heap   total 131072K, used 100930K [0x0000000780000000, 0x00000007c0000000)
  region size 1024K, 69 young (70656K), 8 survivors (8192K)
 Metaspace       used 81013K, capacity 83705K, committed 83952K, reserved 1120256K
  class space    used 11033K, capacity 12478K, committed 12528K, reserved 1048576K
}
Event: 3.193 GC heap after
{Heap after GC invocations=14 (full 0):
 garbage-first heap   total 131072K, used 41890K [0x0000000780000000, 0x00000007c0000000)
  region size 1024K, 8 young (8192K), 8 survivors (8192K)
 Metaspace       used 81013K, capacity 83705K, committed 83952K, reserved 1120256K
  class space    used 11033K, capacity 12478K, committed 12528K, reserved 1048576K
}
Event: 3.532 GC heap before
{Heap before GC invocations=14 (full 0):
 garbage-first heap   total 131072K, used 104354K [0x0000000780000000, 0x00000007c0000000)
  region size 1024K, 69 young (70656K), 8 survivors (8192K)
 Metaspace       used 91568K, capacity 94531K, committed 94704K, reserved 1130496K
  class space    used 12473K, capacity 14034K, committed 14064K, reserved 1048576K
}
Event: 3.535 GC heap after
{Heap after GC invocations=15 (full 0):
 garbage-first heap   total 131072K, used 44192K [0x0000000780000000, 0x00000007c0000000)
  region size 1024K, 6 young (6144K), 6 survivors (6144K)
 Metaspace       used 91568K, capacity 94531K, committed 94704K, reserved 1130496K
  class space    used 12473K, capacity 14034K, committed 14064K, reserved 1048576K
}
Event: 3.778 GC heap before
{Heap before GC invocations=15 (full 0):
 garbage-first heap   total 131072K, used 86176K [0x0000000780000000, 0x00000007c0000000)
  region size 1024K, 48 young (49152K), 6 survivors (6144K)
 Metaspace       used 96937K, capacity 100156K, committed 100240K, reserved 1134592K
  class space    used 13205K, capacity 14901K, committed 14960K, reserved 1048576K
}
Event: 3.782 GC heap after
{Heap after GC invocations=16 (full 0):
 garbage-first heap   total 131072K, used 45850K [0x0000000780000000, 0x00000007c0000000)
  region size 1024K, 4 young (4096K), 4 survivors (4096K)
 Metaspace       used 96937K, capacity 100156K, committed 100240K, reserved 1134592K
  class space    used 13205K, capacity 14901K, committed 14960K, reserved 1048576K
}
Event: 4.156 GC heap before
{Heap before GC invocations=17 (full 0):
 garbage-first heap   total 131072K, used 103194K [0x0000000780000000, 0x00000007c0000000)
  region size 1024K, 60 young (61440K), 4 survivors (4096K)
 Metaspace       used 105992K, capacity 110133K, committed 110256K, reserved 1142784K
  class space    used 15117K, capacity 17310K, committed 17328K, reserved 1048576K
}
Event: 4.160 GC heap after
{Heap after GC invocations=18 (full 0):
 garbage-first heap   total 131072K, used 46957K [0x0000000780000000, 0x00000007c0000000)
  region size 1024K, 6 young (6144K), 6 survivors (6144K)
 Metaspace       used 105992K, capacity 110133K, committed 110256K, reserved 1142784K
  class space    used 15117K, capacity 17310K, committed 17328K, reserved 1048576K
}

